<?xml version="1.0" encoding="UTF-8"?>
<!-- Generated by org.testng.reporters.JUnitReportReporter -->
<testsuite hostname="DESKTOP-VA196IG" failures="0" tests="1" name="Admin.Test.test" time="8.413" errors="0" timestamp="2023-08-04T00:14:26 IST" skipped="0">
  <testcase classname="Admin.Test.test" name="SiteLogin" time="8.413"/>
</testsuite> <!-- Admin.Test.test -->
