<?xml version="1.0" encoding="UTF-8"?>
<!-- Generated by org.testng.reporters.JUnitReportReporter -->
<testsuite hostname="DESKTOP-VA196IG" failures="0" tests="1" name="Admin.Test.test" time="10.170" errors="0" timestamp="2023-07-27T23:47:27 IST" skipped="0">
  <testcase classname="Admin.Test.test" name="SiteLogin" time="10.170"/>
</testsuite> <!-- Admin.Test.test -->
