<?xml version="1.0" encoding="UTF-8"?>
<!-- Generated by org.testng.reporters.JUnitReportReporter -->
<testsuite hostname="DESKTOP-VA196IG" failures="0" tests="1" name="Admin.Test.test" time="7.730" errors="0" timestamp="2023-07-22T15:12:35 IST" skipped="0">
  <testcase classname="Admin.Test.test" name="SiteLogin" time="7.730"/>
</testsuite> <!-- Admin.Test.test -->
