<?xml version="1.0" encoding="UTF-8"?>
<!-- Generated by org.testng.reporters.JUnitReportReporter -->
<testsuite hostname="DESKTOP-VA196IG" failures="0" tests="1" name="TestClass" time="0.013" errors="0" timestamp="2023-07-21T17:51:19 IST" skipped="0">
  <testcase classname="TestClass" name="Sample" time="0.013"/>
</testsuite> <!-- TestClass -->
